2024-03-23 00:08:29,458 INFO o.a.j.u.JMeterUtils: Setting Locale to en_EN
2024-03-23 00:08:29,484 INFO o.a.j.JMeter: Loading user properties from: F:\AJM\apache-jmeter-5.6.3\bin\user.properties
2024-03-23 00:08:29,485 INFO o.a.j.JMeter: Loading system properties from: F:\AJM\apache-jmeter-5.6.3\bin\system.properties
2024-03-23 00:08:29,497 INFO o.a.j.JMeter: Copyright (c) 1998-2024 The Apache Software Foundation
2024-03-23 00:08:29,497 INFO o.a.j.JMeter: Version 5.6.3
2024-03-23 00:08:29,497 INFO o.a.j.JMeter: java.version=17.0.10
2024-03-23 00:08:29,498 INFO o.a.j.JMeter: java.vm.name=Java HotSpot(TM) 64-Bit Server VM
2024-03-23 00:08:29,498 INFO o.a.j.JMeter: os.name=Windows 10
2024-03-23 00:08:29,498 INFO o.a.j.JMeter: os.arch=amd64
2024-03-23 00:08:29,498 INFO o.a.j.JMeter: os.version=10.0
2024-03-23 00:08:29,499 INFO o.a.j.JMeter: file.encoding=Cp1252
2024-03-23 00:08:29,499 INFO o.a.j.JMeter: java.awt.headless=true
2024-03-23 00:08:29,499 INFO o.a.j.JMeter: Max memory     =1073741824
2024-03-23 00:08:29,499 INFO o.a.j.JMeter: Available Processors =4
2024-03-23 00:08:29,514 INFO o.a.j.JMeter: Default Locale=English (EN)
2024-03-23 00:08:29,515 INFO o.a.j.JMeter: JMeter  Locale=English (EN)
2024-03-23 00:08:29,515 INFO o.a.j.JMeter: JMeterHome=F:\AJM\apache-jmeter-5.6.3
2024-03-23 00:08:29,515 INFO o.a.j.JMeter: user.dir  =F:\AJM\apache-jmeter-5.6.3\bin\jmeter-assignment
2024-03-23 00:08:29,516 INFO o.a.j.JMeter: PWD       =F:\AJM\apache-jmeter-5.6.3\bin\jmeter-assignment
2024-03-23 00:08:29,517 INFO o.a.j.JMeter: IP: 172.16.0.2 Name: DESKTOP-B0JK29K FullName: DESKTOP-B0JK29K
2024-03-23 00:08:29,537 INFO o.a.j.JMeter: Setting property 'jmeter.reportgenerator.outputdir' to:'F:\AJM\apache-jmeter-5.6.3\bin\jmeter-assignment\Report_New'
2024-03-23 00:08:29,540 INFO o.a.j.s.FileServer: Default base='F:\AJM\apache-jmeter-5.6.3\bin\jmeter-assignment'
2024-03-23 00:08:29,542 INFO o.a.j.s.FileServer: Set new base='F:\AJM\apache-jmeter-5.6.3\bin\jmeter-assignment\.'
2024-03-23 00:08:29,838 INFO o.a.j.s.SaveService: Testplan (JMX) version: 2.2. Testlog (JTL) version: 2.2
2024-03-23 00:08:29,873 INFO o.a.j.s.SaveService: Using SaveService properties version 5.0
2024-03-23 00:08:29,876 INFO o.a.j.s.SaveService: Using SaveService properties file encoding UTF-8
2024-03-23 00:08:29,879 INFO o.a.j.s.SaveService: Loading file: .\dmoney-test.jmx
2024-03-23 00:08:29,968 INFO o.a.j.p.h.s.HTTPSamplerBase: Parser for text/html is org.apache.jmeter.protocol.http.parser.LagartoBasedHtmlParser
2024-03-23 00:08:29,968 INFO o.a.j.p.h.s.HTTPSamplerBase: Parser for application/xhtml+xml is org.apache.jmeter.protocol.http.parser.LagartoBasedHtmlParser
2024-03-23 00:08:29,968 INFO o.a.j.p.h.s.HTTPSamplerBase: Parser for application/xml is org.apache.jmeter.protocol.http.parser.LagartoBasedHtmlParser
2024-03-23 00:08:29,968 INFO o.a.j.p.h.s.HTTPSamplerBase: Parser for text/xml is org.apache.jmeter.protocol.http.parser.LagartoBasedHtmlParser
2024-03-23 00:08:29,968 INFO o.a.j.p.h.s.HTTPSamplerBase: Parser for text/vnd.wap.wml is org.apache.jmeter.protocol.http.parser.RegexpHTMLParser
2024-03-23 00:08:29,968 INFO o.a.j.p.h.s.HTTPSamplerBase: Parser for text/css is org.apache.jmeter.protocol.http.parser.CssParser
2024-03-23 00:08:30,037 INFO o.a.j.JMeter: Creating summariser <summary>
2024-03-23 00:08:30,043 INFO o.a.j.r.d.ReportGenerator: ReportGenerator will use for Parsing the separator: ','
2024-03-23 00:08:30,043 INFO o.a.j.r.d.ReportGenerator: Will generate report at end of test from  results file: .\dmoney-test.jtl
2024-03-23 00:08:30,043 INFO o.a.j.r.d.ReportGenerator: Reading report generator properties from: F:\AJM\apache-jmeter-5.6.3\bin\reportgenerator.properties
2024-03-23 00:08:30,044 INFO o.a.j.r.d.ReportGenerator: Merging with JMeter properties
2024-03-23 00:08:30,048 INFO o.a.j.r.c.ReportGeneratorConfiguration: Property 'jmeter.reportgenerator.temp_dir' not found, using default value 'temp' instead.
2024-03-23 00:08:30,051 INFO o.a.j.r.c.ReportGeneratorConfiguration: Property 'jmeter.reportgenerator.apdex_per_transaction' not found, using default value 'null' instead.
2024-03-23 00:08:30,052 INFO o.a.j.r.c.ReportGeneratorConfiguration: apdex_per_transaction is empty, not APDEX per transaction customization
2024-03-23 00:08:30,052 INFO o.a.j.r.c.ReportGeneratorConfiguration: Property 'jmeter.reportgenerator.sample_filter' not found, using default value 'null' instead.
2024-03-23 00:08:30,052 INFO o.a.j.r.c.ReportGeneratorConfiguration: Property 'jmeter.reportgenerator.report_title' not found, using default value 'null' instead.
2024-03-23 00:08:30,052 INFO o.a.j.r.c.ReportGeneratorConfiguration: Property 'jmeter.reportgenerator.start_date' not found, using default value 'null' instead.
2024-03-23 00:08:30,052 INFO o.a.j.r.c.ReportGeneratorConfiguration: Property 'jmeter.reportgenerator.end_date' not found, using default value 'null' instead.
2024-03-23 00:08:30,052 INFO o.a.j.r.c.ReportGeneratorConfiguration: Property 'jmeter.reportgenerator.date_format' not found, using default value 'null' instead.
2024-03-23 00:08:30,053 INFO o.a.j.r.c.ReportGeneratorConfiguration: Will use date range start date: null, end date: null
2024-03-23 00:08:30,058 INFO o.a.j.r.c.ReportGeneratorConfiguration: Property 'jmeter.reportgenerator.graph.totalTPS.exclude_controllers' not found, using default value 'false' instead.
2024-03-23 00:08:30,058 INFO o.a.j.r.c.ReportGeneratorConfiguration: Property 'jmeter.reportgenerator.graph.activeThreadsOverTime.exclude_controllers' not found, using default value 'false' instead.
2024-03-23 00:08:30,058 INFO o.a.j.r.c.ReportGeneratorConfiguration: Property 'jmeter.reportgenerator.graph.timeVsThreads.exclude_controllers' not found, using default value 'false' instead.
2024-03-23 00:08:30,058 INFO o.a.j.r.c.ReportGeneratorConfiguration: Property 'jmeter.reportgenerator.graph.responseTimeDistribution.exclude_controllers' not found, using default value 'false' instead.
2024-03-23 00:08:30,059 INFO o.a.j.r.c.ReportGeneratorConfiguration: Property 'jmeter.reportgenerator.graph.transactionsPerSecond.exclude_controllers' not found, using default value 'false' instead.
2024-03-23 00:08:30,059 INFO o.a.j.r.c.ReportGeneratorConfiguration: Property 'jmeter.reportgenerator.graph.responseTimePercentiles.exclude_controllers' not found, using default value 'false' instead.
2024-03-23 00:08:30,059 INFO o.a.j.r.c.ReportGeneratorConfiguration: Property 'jmeter.reportgenerator.graph.responseTimePercentilesOverTime.exclude_controllers' not found, using default value 'false' instead.
2024-03-23 00:08:30,059 INFO o.a.j.r.c.ReportGeneratorConfiguration: Property 'jmeter.reportgenerator.graph.responseTimesOverTime.exclude_controllers' not found, using default value 'false' instead.
2024-03-23 00:08:30,059 INFO o.a.j.r.c.ReportGeneratorConfiguration: Property 'jmeter.reportgenerator.graph.connectTimeOverTime.exclude_controllers' not found, using default value 'false' instead.
2024-03-23 00:08:30,059 INFO o.a.j.r.c.ReportGeneratorConfiguration: Property 'jmeter.reportgenerator.graph.latenciesOverTime.exclude_controllers' not found, using default value 'false' instead.
2024-03-23 00:08:30,061 INFO o.a.j.r.c.ReportGeneratorConfiguration: Property 'jmeter.reportgenerator.exporter.json.filters_only_sample_series' not found, using default value 'true' instead.
2024-03-23 00:08:30,061 INFO o.a.j.r.c.ReportGeneratorConfiguration: Property 'jmeter.reportgenerator.exporter.json.series_filter' not found, using default value '' instead.
2024-03-23 00:08:30,061 INFO o.a.j.r.c.ReportGeneratorConfiguration: Property 'jmeter.reportgenerator.exporter.json.show_controllers_only' not found, using default value 'false' instead.
2024-03-23 00:08:30,061 INFO o.a.j.r.c.ReportGeneratorConfiguration: Property 'jmeter.reportgenerator.exporter.html.filters_only_sample_series' not found, using default value 'true' instead.
2024-03-23 00:08:30,062 INFO o.a.j.r.c.ReportGeneratorConfiguration: Property 'jmeter.reportgenerator.exporter.html.series_filter' not found, using default value '' instead.
2024-03-23 00:08:30,062 INFO o.a.j.r.c.ReportGeneratorConfiguration: Property 'jmeter.reportgenerator.exporter.html.show_controllers_only' not found, using default value 'false' instead.
2024-03-23 00:08:30,090 INFO o.a.j.e.StandardJMeterEngine: Running the test!
2024-03-23 00:08:30,091 INFO o.a.j.s.SampleEvent: List of sample_variables: []
2024-03-23 00:08:30,091 INFO o.a.j.s.SampleEvent: List of sample_variables: []
2024-03-23 00:08:30,096 INFO o.a.j.e.u.CompoundVariable: Note: Function class names must contain the string: '.functions.'
2024-03-23 00:08:30,097 INFO o.a.j.e.u.CompoundVariable: Note: Function class names must not contain the string: '.gui.'
2024-03-23 00:08:30,198 INFO o.a.j.JMeter: Running test (1711130910198)
2024-03-23 00:08:30,221 INFO o.a.j.e.StandardJMeterEngine: Starting ThreadGroup: 1 : Thread Group
2024-03-23 00:08:30,222 INFO o.a.j.e.StandardJMeterEngine: Starting 1 threads for group Thread Group.
2024-03-23 00:08:30,222 INFO o.a.j.e.StandardJMeterEngine: Thread will continue on error
2024-03-23 00:08:30,222 INFO o.a.j.t.ThreadGroup: Starting thread group... number=1 threads=1 ramp-up=1 delayedStart=false
2024-03-23 00:08:30,229 INFO o.a.j.t.ThreadGroup: Started thread group number 1
2024-03-23 00:08:30,229 INFO o.a.j.e.StandardJMeterEngine: All thread groups have been started
2024-03-23 00:08:30,273 INFO o.a.j.t.JMeterThread: Thread started: Thread Group 1-1
2024-03-23 00:08:31,302 INFO o.a.j.p.h.s.HTTPHCAbstractImpl: Local host = DESKTOP-B0JK29K
2024-03-23 00:08:31,310 INFO o.a.j.p.h.s.HTTPHC4Impl: HTTP request retry count = 0
2024-03-23 00:08:31,312 INFO o.a.j.s.SampleResult: Note: Sample TimeStamps are START times
2024-03-23 00:08:31,312 INFO o.a.j.s.SampleResult: sampleresult.default.encoding is set to UTF-8
2024-03-23 00:08:31,312 INFO o.a.j.s.SampleResult: sampleresult.useNanoTime=true
2024-03-23 00:08:31,312 INFO o.a.j.s.SampleResult: sampleresult.nanoThreadSleep=5000
2024-03-23 00:08:31,481 INFO o.a.j.p.h.s.h.LazyLayeredConnectionSocketFactory: Setting up HTTPS TrustAll Socket Factory
2024-03-23 00:08:31,488 INFO o.a.j.u.JsseSSLManager: Using default SSL protocol: TLS
2024-03-23 00:08:31,488 INFO o.a.j.u.JsseSSLManager: SSL session context: per-thread
2024-03-23 00:08:31,633 INFO o.a.j.u.SSLManager: JmeterKeyStore Location:  type JKS
2024-03-23 00:08:31,637 INFO o.a.j.u.SSLManager: KeyStore created OK
2024-03-23 00:08:31,637 WARN o.a.j.u.SSLManager: Keystore file not found, loading empty keystore
2024-03-23 00:08:32,493 INFO o.a.j.r.Summariser: summary +      1 in 00:00:02 =    0.4/s Avg:  1065 Min:  1065 Max:  1065 Err:     0 (0.00%) Active: 1 Started: 1 Finished: 0
2024-03-23 00:08:43,215 INFO o.a.j.t.JMeterThread: Thread is done: Thread Group 1-1
2024-03-23 00:08:43,215 INFO o.a.j.t.JMeterThread: Thread finished: Thread Group 1-1
2024-03-23 00:08:43,218 INFO o.a.j.e.StandardJMeterEngine: Notifying test listeners of end of test
2024-03-23 00:08:43,219 INFO o.a.j.r.Summariser: summary +      9 in 00:00:11 =    0.8/s Avg:   183 Min:   173 Max:   192 Err:     0 (0.00%) Active: 0 Started: 1 Finished: 1
2024-03-23 00:08:43,220 INFO o.a.j.r.Summariser: summary =     10 in 00:00:13 =    0.8/s Avg:   271 Min:   173 Max:  1065 Err:     0 (0.00%)
2024-03-23 00:08:43,221 INFO o.a.j.JMeter: Generating Dashboard
2024-03-23 00:08:43,221 INFO o.a.j.r.d.ReportGenerator: Flushing result collector before report Generation
2024-03-23 00:08:43,248 INFO o.a.j.r.p.NormalizerSampleConsumer: Using format, 'ms', to parse timeStamp field
2024-03-23 00:08:43,334 INFO o.a.j.r.p.AbstractSampleConsumer: class org.apache.jmeter.report.processor.AggregateConsumer#stopProducing(): beginDate produced 0 samples
2024-03-23 00:08:43,335 INFO o.a.j.r.p.AbstractSampleConsumer: class org.apache.jmeter.report.processor.AggregateConsumer#stopProducing(): endDate produced 0 samples
2024-03-23 00:08:43,338 INFO o.a.j.r.p.AbstractSampleConsumer: class org.apache.jmeter.report.processor.ApdexSummaryConsumer#stopProducing(): apdexSummary produced 0 samples
2024-03-23 00:08:43,338 INFO o.a.j.r.p.AbstractSampleConsumer: class org.apache.jmeter.report.processor.RequestsSummaryConsumer#stopProducing(): requestsSummary produced 0 samples
2024-03-23 00:08:43,347 INFO o.a.j.r.p.AbstractSampleConsumer: class org.apache.jmeter.report.processor.StatisticsSummaryConsumer#stopProducing(): statisticsSummary produced 0 samples
2024-03-23 00:08:43,350 INFO o.a.j.r.p.AbstractSampleConsumer: class org.apache.jmeter.report.processor.Top5ErrorsBySamplerConsumer#stopProducing(): top5ErrorsBySampler produced 0 samples
2024-03-23 00:08:43,351 INFO o.a.j.r.p.AbstractSampleConsumer: class org.apache.jmeter.report.processor.ErrorsSummaryConsumer#stopProducing(): errorsSummary produced 0 samples
2024-03-23 00:08:43,351 INFO o.a.j.r.p.AbstractSampleConsumer: class org.apache.jmeter.report.processor.graph.impl.HitsPerSecondGraphConsumer#stopProducing(): hitsPerSecond produced 0 samples
2024-03-23 00:08:43,375 INFO o.a.j.r.p.AbstractSampleConsumer: class org.apache.jmeter.report.processor.graph.impl.LatencyVSRequestGraphConsumer#stopProducing(): latencyVsRequest produced 0 samples
2024-03-23 00:08:43,375 INFO o.a.j.r.p.AbstractSampleConsumer: class org.apache.jmeter.report.processor.graph.impl.SyntheticResponseTimeDistributionGraphConsumer#stopProducing(): syntheticResponseTimeDistribution produced 0 samples
2024-03-23 00:08:43,376 INFO o.a.j.r.p.AbstractSampleConsumer: class org.apache.jmeter.report.processor.graph.impl.BytesThroughputGraphConsumer#stopProducing(): bytesThroughputOverTime produced 0 samples
2024-03-23 00:08:43,376 INFO o.a.j.r.p.AbstractSampleConsumer: class org.apache.jmeter.report.processor.graph.impl.CodesPerSecondGraphConsumer#stopProducing(): codesPerSecond produced 0 samples
2024-03-23 00:08:43,380 INFO o.a.j.r.p.AbstractSampleConsumer: class org.apache.jmeter.report.processor.graph.impl.ResponseTimeVSRequestGraphConsumer#stopProducing(): responseTimeVsRequest produced 0 samples
2024-03-23 00:08:43,380 INFO o.a.j.r.p.AbstractSampleConsumer: class org.apache.jmeter.report.processor.FilterConsumer#stopProducing(): startIntervalControlerFilter produced 70 samples
2024-03-23 00:08:43,380 INFO o.a.j.r.p.AbstractSampleConsumer: class org.apache.jmeter.report.processor.graph.impl.TotalTPSGraphConsumer#stopProducing(): totalTPS produced 0 samples
2024-03-23 00:08:43,380 INFO o.a.j.r.p.AbstractSampleConsumer: class org.apache.jmeter.report.processor.graph.impl.ActiveThreadsGraphConsumer#stopProducing(): activeThreadsOverTime produced 0 samples
2024-03-23 00:08:43,380 INFO o.a.j.r.p.AbstractSampleConsumer: class org.apache.jmeter.report.processor.graph.impl.TimeVSThreadGraphConsumer#stopProducing(): timeVsThreads produced 0 samples
2024-03-23 00:08:43,381 INFO o.a.j.r.p.AbstractSampleConsumer: class org.apache.jmeter.report.processor.graph.impl.ResponseTimeDistributionGraphConsumer#stopProducing(): responseTimeDistribution produced 0 samples
2024-03-23 00:08:43,381 INFO o.a.j.r.p.AbstractSampleConsumer: class org.apache.jmeter.report.processor.graph.impl.TransactionsPerSecondGraphConsumer#stopProducing(): transactionsPerSecond produced 0 samples
2024-03-23 00:08:43,381 INFO o.a.j.r.p.AbstractSampleConsumer: class org.apache.jmeter.report.processor.graph.impl.ResponseTimePercentilesGraphConsumer#stopProducing(): responseTimePercentiles produced 0 samples
2024-03-23 00:08:43,384 INFO o.a.j.r.p.AbstractSampleConsumer: class org.apache.jmeter.report.processor.graph.impl.ResponseTimePercentilesOverTimeGraphConsumer#stopProducing(): responseTimePercentilesOverTime produced 0 samples
2024-03-23 00:08:43,384 INFO o.a.j.r.p.AbstractSampleConsumer: class org.apache.jmeter.report.processor.graph.impl.ResponseTimeOverTimeGraphConsumer#stopProducing(): responseTimesOverTime produced 0 samples
2024-03-23 00:08:43,384 INFO o.a.j.r.p.AbstractSampleConsumer: class org.apache.jmeter.report.processor.graph.impl.ConnectTimeOverTimeGraphConsumer#stopProducing(): connectTimeOverTime produced 0 samples
2024-03-23 00:08:43,385 INFO o.a.j.r.p.AbstractSampleConsumer: class org.apache.jmeter.report.processor.graph.impl.LatencyOverTimeGraphConsumer#stopProducing(): latenciesOverTime produced 0 samples
2024-03-23 00:08:43,385 INFO o.a.j.r.p.AbstractSampleConsumer: class org.apache.jmeter.report.processor.FilterConsumer#stopProducing(): nameFilter produced 150 samples
2024-03-23 00:08:43,385 INFO o.a.j.r.p.AbstractSampleConsumer: class org.apache.jmeter.report.processor.FilterConsumer#stopProducing(): dateRangeFilter produced 30 samples
2024-03-23 00:08:43,385 INFO o.a.j.r.p.AbstractSampleConsumer: class org.apache.jmeter.report.processor.NormalizerSampleConsumer#stopProducing(): normalizer produced 10 samples
2024-03-23 00:08:43,386 INFO o.a.j.r.p.CsvFileSampleSource: produce(): 10 samples produced in 109ms on channel 0
2024-03-23 00:08:43,386 INFO o.a.j.r.d.ReportGenerator: Exporting data using exporter:'json' of className:'org.apache.jmeter.report.dashboard.JsonExporter'
2024-03-23 00:08:43,494 INFO o.a.j.r.d.JsonExporter: Found data for consumer statisticsSummary in context
2024-03-23 00:08:43,494 INFO o.a.j.r.d.JsonExporter: Creating statistics for overall
2024-03-23 00:08:43,495 INFO o.a.j.r.d.JsonExporter: Creating statistics for other transactions
2024-03-23 00:08:43,495 INFO o.a.j.r.d.JsonExporter: Checking output folder
2024-03-23 00:08:43,496 INFO o.a.j.r.d.JsonExporter: Writing statistics JSON to F:\AJM\apache-jmeter-5.6.3\bin\jmeter-assignment\Report_New\statistics.json
2024-03-23 00:08:43,602 INFO o.a.j.r.d.ReportGenerator: Exporting data using exporter:'html' of className:'org.apache.jmeter.report.dashboard.HtmlTemplateExporter'
2024-03-23 00:08:43,604 INFO o.a.j.r.d.HtmlTemplateExporter: Will generate dashboard in folder: F:\AJM\apache-jmeter-5.6.3\bin\jmeter-assignment\Report_New
2024-03-23 00:08:43,846 INFO o.a.j.r.d.HtmlTemplateExporter: Report will be generated in: F:\AJM\apache-jmeter-5.6.3\bin\jmeter-assignment\Report_New, creating folder structure
2024-03-23 00:08:43,849 INFO o.a.j.r.d.TemplateVisitor: Copying folder from 'F:\AJM\apache-jmeter-5.6.3\bin\report-template' to 'F:\AJM\apache-jmeter-5.6.3\bin\jmeter-assignment\Report_New', got message: F:\AJM\apache-jmeter-5.6.3\bin\jmeter-assignment\Report_New, found non empty folder with following content [F:\AJM\apache-jmeter-5.6.3\bin\jmeter-assignment\Report_New\statistics.json], will be ignored
2024-03-23 00:08:45,293 INFO o.a.j.JMeter: Dashboard generated
